Biz1_Toyota_Proguard/proguard.cfg
-optimizationpasses 5
-dontusemixedcaseclassnames
-dontskipnonpubliclibraryclasses
-dontpreverify
-dontwarn org.apache.commons.codec.binary.** 
-dontwarn junit.** 
-dontwarn org.aprche.**
-dontwarn com.google.zxing.**
-verbose

-keep public class * extends android.app.Activity
-keep public class * extends android.app.Application
-keep public class * extends android.app.Service
-keep public class * extends android.content.BroadcastReceiver
-keep public class * extends android.content.ContentProvider
-keep public class * extends android.app.backup.BackupAgentHelper
-keep public class * extends android.preference.Preference
-keep public class * extends com.bixolon.android.library.BxlService

-keep public class com.mcnc.parecis.bizmob.nativeView.browser.InternalBrowserActivity$javaScriptInterface
-keep public class * implements com.mcnc.parecis.bizmob.nativeView.browser.InternalBrowserActivity$javaScriptInterface
-keepclassmembers class com.mcnc.parecis.bizmob.nativeView.browser.InternalBrowserActivity$javaScriptInterface { 
    <methods>; 
}

-keep public class com.android.vending.licensing.ILicensingService

-keep class com.mcnc.hsmart.interfaces.** {
   *;
}

-keep class com.mcnc.hsmart.plugin.** {
   *;
}

-keep class com.mcnc.parecis.bizmob.project.** {
   *;
}


-keep class com.mcnc.hsmart.interfaces.** {
   *;
}
-keep class com.google.zxing.** {
   *;
}

-keepclasseswithmembernames class * {
    native <methods>;
}

-keep class com.bixolon.android.library.** {
   *;
}

-keepclasseswithmembernames class * {
    public <init>(android.content.Context, android.util.AttributeSet);
}

-keepclasseswithmembernames class * {
    public <init>(android.content.Context, android.util.AttributeSet, int);
}

-keepclassmembers enum * {
    public static **[] values();
    public static ** valueOf(java.lang.String);
}

-keep class * implements android.os.Parcelable {
  public static final android.os.Parcelable$Creator *;
}