Biz1_Toyota_Proguard/proguard/seeds.txt
com.google.zxing.client.result.GeoResultParser
com.google.zxing.client.result.GeoResultParser: GeoResultParser()
com.google.zxing.client.result.GeoResultParser: com.google.zxing.client.result.GeoParsedResult parse(com.google.zxing.Result)
com.google.zxing.client.result.ISBNParsedResult
com.google.zxing.client.result.ISBNParsedResult: java.lang.String isbn
com.google.zxing.client.result.ISBNParsedResult: ISBNParsedResult(java.lang.String)
com.google.zxing.client.result.ISBNParsedResult: java.lang.String getISBN()
com.google.zxing.client.result.ISBNParsedResult: java.lang.String getDisplayResult()
com.google.zxing.client.result.ISBNResultParser
com.google.zxing.client.result.ISBNResultParser: ISBNResultParser()
com.google.zxing.client.result.ISBNResultParser: com.google.zxing.client.result.ISBNParsedResult parse(com.google.zxing.Result)
com.google.zxing.client.result.ParsedResult
com.google.zxing.client.result.ParsedResult: com.google.zxing.client.result.ParsedResultType type
com.google.zxing.client.result.ParsedResult: ParsedResult(com.google.zxing.client.result.ParsedResultType)
com.google.zxing.client.result.ParsedResult: com.google.zxing.client.result.ParsedResultType getType()
com.google.zxing.client.result.ParsedResult: java.lang.String getDisplayResult()
com.google.zxing.client.result.ParsedResult: java.lang.String toString()
com.google.zxing.client.result.ParsedResult: void maybeAppend(java.lang.String,java.lang.StringBuffer)
com.google.zxing.client.result.ParsedResult: void maybeAppend(java.lang.String[],java.lang.StringBuffer)
com.google.zxing.client.result.ParsedResultType
com.google.zxing.client.result.ParsedResultType: com.google.zxing.client.result.ParsedResultType ADDRESSBOOK
com.google.zxing.client.result.ParsedResultType: com.google.zxing.client.result.ParsedResultType EMAIL_ADDRESS
com.google.zxing.client.result.ParsedResultType: com.google.zxing.client.result.ParsedResultType PRODUCT
com.google.zxing.client.result.ParsedResultType: com.google.zxing.client.result.ParsedResultType URI
com.google.zxing.client.result.ParsedResultType: com.google.zxing.client.result.ParsedResultType TEXT
com.google.zxing.client.result.ParsedResultType: com.google.zxing.client.result.ParsedResultType ANDROID_INTENT
com.google.zxing.client.result.ParsedResultType: com.google.zxing.client.result.ParsedResultType GEO
com.google.zxing.client.result.ParsedResultType: com.google.zxing.client.result.ParsedResultType TEL
com.google.zxing.client.result.ParsedResultType: com.google.zxing.client.result.ParsedResultType SMS
com.google.zxing.client.result.ParsedResultType: com.google.zxing.client.result.ParsedResultType CALENDAR
com.google.zxing.client.result.ParsedResultType: com.google.zxing.client.result.ParsedResultType WIFI
com.google.zxing.client.result.ParsedResultType: com.google.zxing.client.result.ParsedResultType NDEF_SMART_POSTER
com.google.zxing.client.result.ParsedResultType: com.google.zxing.client.result.ParsedResultType MOBILETAG_RICH_WEB
com.google.zxing.client.result.ProductParsedResult
com.google.zxing.client.result.ProductParsedResult: java.lang.String productID
com.google.zxing.client.result.ProductParsedResult: java.lang.String normalizedProductID
com.google.zxing.client.result.ProductParsedResult: ProductParsedResult(java.lang.String)
com.google.zxing.client.result.ProductParsedResult: ProductParsedResult(java.lang.String,java.lang.String)
com.google.zxing.client.result.ProductParsedResult: java.lang.String getProductID()
com.google.zxing.client.result.ProductParsedResult: java.lang.String getNormalizedProductID()
com.google.zxing.client.result.ProductParsedResult: java.lang.String getDisplayResult()
com.google.zxing.client.result.ProductResultParser
com.google.zxing.client.result.ProductResultParser: ProductResultParser()
com.google.zxing.client.result.ProductResultParser: com.google.zxing.client.result.ProductParsedResult parse(com.google.zxing.Result)