Biz1_Toyota_Proguard/proguard/mapping.txt
com.mcnc.hsmart.imageViewer.TopArea$TopView -> com.mcnc.hsmart.imageViewer.s:
    android.widget.TextView tv -> a
    android.widget.ImageButton prev -> b
    android.widget.ImageButton next -> c
    com.mcnc.hsmart.imageViewer.TopArea$TopView setTitle(java.lang.CharSequence) -> a
com.mcnc.hsmart.interfaces.MemoryInterface -> com.mcnc.hsmart.interfaces.MemoryInterface:
    java.lang.String TAG -> TAG
    com.mcnc.hsmart.interfaces.MemoryInterface instance -> instance
    java.util.HashMap docMap -> docMap
    java.util.HashMap tempMap -> tempMap
    com.mcnc.hsmart.interfaces.MemoryInterface getInstance() -> getInstance
    boolean clear(java.lang.String) -> clear
    boolean containsKey(java.lang.String,java.lang.String) -> containsKey
    boolean containsValue(java.lang.String,java.lang.String) -> containsValue
    java.lang.String get(java.lang.String,java.lang.String) -> get
    java.lang.String keySet(java.lang.String) -> keySet
    boolean put(java.lang.String,java.lang.String,java.lang.String) -> put
    boolean remove(java.lang.String,java.lang.String) -> remove
    boolean putAll(java.lang.String,java.lang.String) -> putAll
    int size(java.lang.String) -> size
    void clearAll() -> clearAll
com.mcnc.hsmart.interfaces.SqliteInterface -> com.mcnc.hsmart.interfaces.SqliteInterface:
    com.mcnc.hsmart.interfaces.SqliteInterface instance -> instance
    java.lang.String packageName -> packageName
    java.lang.String defaultDbName -> defaultDbName
    java.lang.String lastDbName -> lastDbName
    android.database.sqlite.SQLiteDatabase sqliteDb -> sqliteDb
    boolean btransaction -> btransaction
    boolean isExecuteBatchSql -> isExecuteBatchSql
    java.lang.String TAG -> TAG
    int CREATE_IF_NECESSARY -> CREATE_IF_NECESSARY
    int OPEN_READONLY -> OPEN_READONLY
    int OPEN_READWRITE -> OPEN_READWRITE
    int NO_LOCALIZED_COLLATORS -> NO_LOCALIZED_COLLATORS
    int SQLITE_MAX_LIKE_PATTERN_LENGTH -> SQLITE_MAX_LIKE_PATTERN_LENGTH
    int UNKNOWN_ERR -> UNKNOWN_ERR
    int DATABASE_ERR -> DATABASE_ERR
    int VERSION_ERR -> VERSION_ERR
    int TOO_LARGE_ERR -> TOO_LARGE_ERR
    int QUOTA_ERR -> QUOTA_ERR
    int SYNTAX_ERR -> SYNTAX_ERR
    int CONSTRAINT_ERR -> CONSTRAINT_ERR
    int TIME_ERR -> TIME_ERR
    java.lang.String SUCCESS -> SUCCESS
    java.lang.String ROWS -> ROWS
    java.lang.String ERROR -> ERROR
    java.lang.String CODE -> CODE
    java.lang.String MESSAGE -> MESSAGE
    java.lang.String MSGERR1 -> MSGERR1
    java.lang.String MSGERR2 -> MSGERR2
    java.lang.String MSGERR3 -> MSGERR3
    com.mcnc.hsmart.interfaces.SqliteInterface getInstance() -> getInstance