Biz1_Toyota_Proguard/proguard/usage.txt
android.annotation.SuppressLint
android.annotation.TargetApi
com.mcnc.hsmart.BuildConfig
com.mcnc.hsmart.R
com.mcnc.hsmart.R$anim
com.mcnc.hsmart.R$array
com.mcnc.hsmart.R$attr
com.mcnc.hsmart.R$color
com.mcnc.hsmart.R$drawable
com.mcnc.hsmart.R$id
com.mcnc.hsmart.R$layout
com.mcnc.hsmart.R$menu
com.mcnc.hsmart.R$raw
com.mcnc.hsmart.R$string
com.mcnc.hsmart.R$style
com.mcnc.hsmart.R$xml
com.mcnc.hsmart.configuration.model.ConfigurationModel:
    private java.lang.String sessionId
    private boolean useridSave
    private boolean isVersionCheck
    225:226:public java.lang.String getSessionId()
    230:231:public boolean setSessionId(java.lang.String)
    252:254:public void setVersionAppMajor(int)
    262:264:public void setVersionAppMinor(int)
    272:274:public void setVersionAppBuild(int)
    302:304:public void setVersionMetaMajor(int)
    312:314:public void setVersionMetaMinor(int)
    317:318:public boolean getCheckUpdate()
    327:328:public boolean isUserIdSaveChecked()
    331:333:public void setUserIdSaveChecked(boolean)
com.mcnc.hsmart.configuration.model.InitializeConfiguration:
    public static final java.lang.String CONFIG_PREFS
com.mcnc.hsmart.configuration.view.NetworkConfigurationActivity:
    423:423:protected void onAction(android.view.View)
com.mcnc.hsmart.controller.Smart2ProcessController:
    private static com.mcnc.hsmart.controller.Smart2ProcessController instance
    private android.content.Context mContext
    108:108:public static com.mcnc.hsmart.controller.Smart2ProcessController getInstance()
    112:113:public void setContext(android.content.Context)
    116:118:public android.content.Context getContext()
    223:240:protected void startActivity(android.content.Intent,android.app.Activity)
com.mcnc.hsmart.core.BuildConfig
com.mcnc.hsmart.core.R
com.mcnc.hsmart.core.R$attr
com.mcnc.hsmart.core.R$drawable
com.mcnc.hsmart.core.R$layout
com.mcnc.hsmart.core.R$string
com.mcnc.hsmart.core.comm.CommManager:
    public static final java.lang.String HTTPSERVICE
    70:73:public void registerService(java.lang.String,com.mcnc.hsmart.core.comm.ICommService)
    79:80:public void unregisterService(java.lang.String)
com.mcnc.hsmart.core.comm.HttpService:
    private static final java.lang.String JSESSIONID2
    private static final java.lang.String COOKIE2
    private static final java.lang.String JSESSIONID
    private static final java.lang.String COOKIE
    private static final java.lang.String REQUEST_HEADER
    private static final java.lang.String DOMAIN
    private static final java.lang.String COOKIE_NAME
    private static final java.lang.String UTF_8
    private static final java.lang.String VALUE
    private static final java.lang.String RESPONSE_HEADER
    private static final java.lang.String REQUEST_URL
    private static final java.lang.String MESSAGE
    258:268:public java.util.List getCookie()
    273:325:public int setConnectTimeOut(int)
com.mcnc.hsmart.core.comm.HttpService$2
com.mcnc.hsmart.core.comm.ICommService:
    public abstract java.util.List getCookie()
    public abstract int setConnectTimeOut(int)
com.mcnc.hsmart.core.common.Request:
    private java.lang.String callMethod
    private int buttonID
    50:57:public Request(java.lang.String,java.lang.Object,com.mcnc.hsmart.core.view.IResponseListener,int,int)
    92:92:public int getSourcePageID()
    96:97:public void setSourcePageID(int)
    100:100:public int getButtonID()
    104:105:public void setButtonID(int)
    124:124:public java.lang.String getCallMethod()
    128:129:public void setCallMethod(java.lang.String)
    132:132:public java.lang.String getCallType()
    180:181:public void setRequestWebView(android.webkit.WebView)